    Checking cfg-if v1.0.4
    Checking once_cell v1.21.4
    Checking pin-project-lite v0.2.17
    Checking itoa v1.0.18
    Checking bytes v1.11.1
    Checking futures-core v0.3.32
    Checking smallvec v1.15.1
    Checking libc v0.2.186
    Checking zerocopy v0.8.52
    Checking futures-sink v0.3.32
    Checking scopeguard v1.2.0
    Checking typenum v1.20.1
    Checking memchr v2.8.1
    Checking log v0.4.32
    Checking lock_api v0.4.14
    Checking serde_core v1.0.228
    Checking futures-channel v0.3.32
    Checking futures-io v0.3.32
    Checking tracing-core v0.1.36
    Checking futures-task v0.3.32
    Checking slab v0.4.12
    Checking thiserror v2.0.18
    Checking httparse v1.10.1
    Checking cpufeatures v0.2.17
   Compiling strsim v0.11.1
    Checking zmij v1.0.21
    Checking bitflags v2.13.0
    Checking utf8parse v0.2.2
    Checking tower-service v0.3.3
    Checking anstyle-parse v1.0.0
    Checking num-traits v0.2.19
    Checking tracing v0.1.44
   Compiling darling_core v0.23.0
    Checking futures-util v0.3.32
    Checking http v1.4.2
    Checking tower-layer v0.3.3
    Checking is_terminal_polyfill v1.70.2
    Checking regex-syntax v0.8.11
    Checking percent-encoding v2.3.2
    Checking anstyle-query v1.1.5
    Checking sync_wrapper v1.0.2
    Checking generic-array v0.14.7
    Checking linux-raw-sys v0.12.1
    Checking atomic-waker v1.1.2
    Checking colorchoice v1.0.5
    Checking anstyle v1.0.14
    Checking httpdate v1.0.3
    Checking parking_lot_core v0.9.12
    Checking errno v0.3.14
    Checking signal-hook-registry v1.4.8
    Checking socket2 v0.6.4
    Checking mio v1.2.1
    Checking parking_lot v0.12.5
    Checking getrandom v0.3.4
    Checking getrandom v0.2.17
    Checking http-body v1.0.1
    Checking rand_core v0.9.5
    Checking data-encoding v2.11.0
    Checking http-body-util v0.1.3
    Checking rand_core v0.6.4
   Compiling serde_json v1.0.150
    Checking crypto-common v0.1.7
    Checking block-buffer v0.10.4
    Checking tokio v1.52.3
    Checking rustix v1.1.4
    Checking anstream v1.0.0
    Checking digest v0.10.7
    Checking getrandom v0.4.2
    Checking form_urlencoded v1.2.2
    Checking regex-automata v0.4.14
    Checking ref-cast v1.0.25
    Checking mime v0.3.17
    Checking base64 v0.22.1
    Checking sha1 v0.10.6
    Checking unicode-width v0.2.2
    Checking fastrand v2.4.1
    Checking dyn-clone v1.0.20
    Checking ryu v1.0.23
    Checking lazy_static v1.5.0
    Checking clap_lex v1.1.0
    Checking console v0.15.11
    Checking sharded-slab v0.1.7
    Checking axum-core v0.5.6
    Checking clap_builder v4.6.0
    Checking serde v1.0.228
    Checking serde_path_to_error v0.1.20
    Checking thiserror v1.0.69
    Checking libsqlite3-sys v0.30.1
    Checking chrono v0.4.45
    Checking serde_urlencoded v0.7.1
    Checking tracing-log v0.2.0
    Checking thread_local v1.1.9
    Checking fallible-streaming-iterator v0.1.9
    Checking shell-words v1.1.1
    Checking nu-ansi-term v0.50.3
    Checking matchit v0.8.4
    Checking fallible-iterator v0.3.0
    Checking zeroize v1.9.0
    Checking futures-executor v0.3.32
    Checking matchers v0.2.0
    Checking anyhow v1.0.102
    Checking ts-rs v12.0.1
    Checking sha2 v0.10.9
    Checking tracing-subscriber v0.3.23
    Checking futures v0.3.32
    Checking schemars v1.2.1
   Compiling darling_macro v0.23.0
    Checking tempfile v3.27.0
    Checking clap v4.6.1
    Checking dialoguer v0.11.0
    Checking ppv-lite86 v0.2.21
    Checking ahash v0.8.12
    Checking hashbrown v0.14.5
   Compiling darling v0.23.0
   Compiling rmcp-macros v1.7.0
    Checking rand_chacha v0.9.0
    Checking rand_chacha v0.3.1
    Checking rand v0.9.4
    Checking rand v0.8.6
    Checking hashlink v0.9.1
    Checking rusqlite v0.32.1
    Checking tungstenite v0.29.0
    Checking hyper v1.10.1
    Checking tower v0.5.3
    Checking tokio-tungstenite v0.29.0
    Checking tokio-util v0.7.18
    Checking rmcp v1.7.0
    Checking hyper-util v0.1.20
    Checking axum v0.8.9
    Checking consilium v0.2.0 (/home/physshell/Documents/repos/consilium/core)
    Finished `dev` profile [unoptimized + debuginfo] target(s) in 13.88s
